e:\github\directx\directx12-example\temp\vc140.pdb
e:\github\directx\directx12-example\temp\vc140.idb
e:\github\directx\directx12-example\temp\shader.obj
e:\github\directx\directx12-example\temp\window.obj
e:\github\directx\directx12-example\temp\utility.obj
e:\github\directx\directx12-example\temp\rendersystem.obj
e:\github\directx\directx12-example\temp\app.obj
e:\github\directx\directx12-example\temp\main.obj
e:\github\directx\directx12-example\bin\x86\basic-01-window.ilk
e:\github\directx\directx12-example\bin\x86\basic-01-window.exe
e:\github\directx\directx12-example\bin\x86\basic-01-window.pdb
e:\github\directx\directx12-example\temp\triangle.obj
e:\github\directx\directx12-example\\bin\x86\basic-01-window.pdb
e:\github\directx\directx12-example\\bin\x86\basic-01-window.exe
e:\github\directx\directx12-example\\bin\x86\basic-01-window.ilk
e:\github\directx\directx12-example\temp\basic-01-window.tlog\cl.command.1.tlog
e:\github\directx\directx12-example\temp\basic-01-window.tlog\cl.read.1.tlog
e:\github\directx\directx12-example\temp\basic-01-window.tlog\cl.write.1.tlog
e:\github\directx\directx12-example\temp\basic-01-window.tlog\link.command.1.tlog
e:\github\directx\directx12-example\temp\basic-01-window.tlog\link.read.1.tlog
e:\github\directx\directx12-example\temp\basic-01-window.tlog\link.write.1.tlog
