e:\github\directx\directx12-example\bin\x86\triangle.cso
e:\github\directx\directx12-example\temp\vc140.pdb
e:\github\directx\directx12-example\temp\vc140.idb
e:\github\directx\directx12-example\temp\app.obj
e:\github\directx\directx12-example\temp\shader.obj
e:\github\directx\directx12-example\temp\utility.obj
e:\github\directx\directx12-example\temp\main.obj
e:\github\directx\directx12-example\temp\rendersystem.obj
e:\github\directx\directx12-example\temp\triangle.obj
e:\github\directx\directx12-example\bin\x86\basic-02-triangle.ilk
e:\github\directx\directx12-example\bin\x86\basic-02-triangle.exe
e:\github\directx\directx12-example\bin\x86\basic-02-triangle.pdb
e:\github\directx\directx12-example\temp\window.obj
e:\github\directx\directx12-example\\bin\x86\basic-02-triangle.pdb
e:\github\directx\directx12-example\\bin\x86\basic-02-triangle.exe
e:\github\directx\directx12-example\\bin\x86\basic-02-triangle.ilk
e:\github\directx\directx12-example\temp\basic-02.c29b76a3.tlog\basic-02-triangle.write.1u.tlog
e:\github\directx\directx12-example\temp\basic-02.c29b76a3.tlog\cl.command.1.tlog
e:\github\directx\directx12-example\temp\basic-02.c29b76a3.tlog\cl.read.1.tlog
e:\github\directx\directx12-example\temp\basic-02.c29b76a3.tlog\cl.write.1.tlog
e:\github\directx\directx12-example\temp\basic-02.c29b76a3.tlog\link.command.1.tlog
e:\github\directx\directx12-example\temp\basic-02.c29b76a3.tlog\link.read.1.tlog
e:\github\directx\directx12-example\temp\basic-02.c29b76a3.tlog\link.write.1.tlog
